GROUP,PACKAGE,CLASS,INSTRUCTION_MISSED,INSTRUCTION_COVERED,BRANCH_MISSED,BRANCH_COVERED,LINE_MISSED,LINE_COVERED,COMPLEXITY_MISSED,COMPLEXITY_COVERED,METHOD_MISSED,METHOD_COVERED
Orne Test Generators,dev.orne.test.rnd,Generator,0,34,0,4,0,7,0,4,0,2
Orne Test Generators,dev.orne.test.rnd,GenerationException,0,16,0,0,0,8,0,4,0,4
Orne Test Generators,dev.orne.test.rnd,AbstractTypedGenerator,0,118,0,8,0,33,0,14,0,10
Orne Test Generators,dev.orne.test.rnd,AbstractGenerator,0,118,0,12,0,30,0,16,0,10
Orne Test Generators,dev.orne.test.rnd,GeneratorNotFoundException,0,16,0,0,0,8,0,4,0,4
Orne Test Generators,dev.orne.test.rnd,Generators,0,298,0,16,0,90,0,39,0,31
Orne Test Generators,dev.orne.test.rnd,Generators.MissingGenerator,0,27,0,0,0,6,0,6,0,6
Orne Test Generators,dev.orne.test.rnd,UnsupportedValueTypeException,0,16,0,0,0,8,0,4,0,4
Orne Test Generators,dev.orne.test.rnd.generators,CalendarGenerator,0,23,0,0,0,9,0,3,0,3
Orne Test Generators,dev.orne.test.rnd.generators,MonthDayGenerator,0,36,0,3,0,11,0,5,0,3
Orne Test Generators,dev.orne.test.rnd.generators,ZonedDateTimeGenerator,0,19,0,0,0,7,0,3,0,3
Orne Test Generators,dev.orne.test.rnd.generators,ZoneOffsetGenerator,0,23,0,0,0,6,0,3,0,3
Orne Test Generators,dev.orne.test.rnd.generators,MapGenerator,0,155,0,12,0,39,0,15,0,9
Orne Test Generators,dev.orne.test.rnd.generators,OffsetDateTimeGenerator,0,19,0,0,0,7,0,3,0,3
Orne Test Generators,dev.orne.test.rnd.generators,LocalTimeGenerator,0,19,0,0,0,7,0,3,0,3
Orne Test Generators,dev.orne.test.rnd.generators,URIGenerator,24,776,2,82,6,176,2,72,0,32
Orne Test Generators,dev.orne.test.rnd.generators,YearMonthGenerator,0,18,0,0,0,5,0,3,0,3
Orne Test Generators,dev.orne.test.rnd.generators,SetGenerator,0,142,0,12,0,32,0,15,0,9
Orne Test Generators,dev.orne.test.rnd.generators,BigIntegerGenerator,0,27,0,2,0,9,0,6,0,5
Orne Test Generators,dev.orne.test.rnd.generators,LongGenerator,0,19,0,2,0,7,0,5,0,4
Orne Test Generators,dev.orne.test.rnd.generators,EnumGenerator,0,65,0,6,0,12,0,8,0,5
Orne Test Generators,dev.orne.test.rnd.generators,DateGenerator,0,13,0,0,0,3,0,3,0,3
Orne Test Generators,dev.orne.test.rnd.generators,CharacterGenerator,0,14,0,0,0,4,0,4,0,4
Orne Test Generators,dev.orne.test.rnd.generators,BooleanGenerator,0,9,0,0,0,3,0,3,0,3
Orne Test Generators,dev.orne.test.rnd.generators,CharsetGenerator,0,62,0,4,0,15,0,7,0,5
Orne Test Generators,dev.orne.test.rnd.generators,DoubleGenerator,3,69,2,12,1,18,2,13,0,8
Orne Test Generators,dev.orne.test.rnd.generators,LocalDateGenerator,0,22,0,2,0,6,0,4,0,3
Orne Test Generators,dev.orne.test.rnd.generators,ChronologyGenerator,0,22,0,0,0,6,0,4,0,4
Orne Test Generators,dev.orne.test.rnd.generators,LocaleGenerator,0,17,0,0,0,5,0,4,0,4
Orne Test Generators,dev.orne.test.rnd.generators,LocalDateTimeGenerator,0,19,0,0,0,7,0,3,0,3
Orne Test Generators,dev.orne.test.rnd.generators,TimeZoneGenerator,0,18,0,0,0,5,0,4,0,4
Orne Test Generators,dev.orne.test.rnd.generators,URLGenerator.NopStreamHandler,0,8,0,0,0,2,0,2,0,2
Orne Test Generators,dev.orne.test.rnd.generators,ListGenerator,0,154,0,16,0,33,0,18,0,10
Orne Test Generators,dev.orne.test.rnd.generators,CurrencyGenerator,4,27,0,0,2,10,0,4,0,4
Orne Test Generators,dev.orne.test.rnd.generators,UUIDGenerator,0,11,0,0,0,4,0,4,0,4
Orne Test Generators,dev.orne.test.rnd.generators,OffsetTimeGenerator,0,19,0,0,0,7,0,3,0,3
Orne Test Generators,dev.orne.test.rnd.generators,YearGenerator,0,13,0,0,0,3,0,3,0,3
Orne Test Generators,dev.orne.test.rnd.generators,BigDecimalGenerator,0,34,0,4,0,8,0,8,0,6
Orne Test Generators,dev.orne.test.rnd.generators,CollectionGeneratorUtils,0,88,0,8,0,16,0,6,0,2
Orne Test Generators,dev.orne.test.rnd.generators,IntegerGenerator,0,33,0,2,0,8,0,6,0,5
Orne Test Generators,dev.orne.test.rnd.generators,ShortGenerator,0,14,0,0,0,4,0,4,0,4
Orne Test Generators,dev.orne.test.rnd.generators,InstantGenerator,0,8,0,0,0,3,0,3,0,3
Orne Test Generators,dev.orne.test.rnd.generators,AbstractPrimitiveGenerator,0,34,0,6,0,8,0,8,0,5
Orne Test Generators,dev.orne.test.rnd.generators,DurationGenerator,0,22,0,2,0,6,0,4,0,3
Orne Test Generators,dev.orne.test.rnd.generators,FloatGenerator,0,68,1,13,0,19,1,14,0,8
Orne Test Generators,dev.orne.test.rnd.generators,StringGenerator,0,70,0,4,0,15,0,10,0,8
Orne Test Generators,dev.orne.test.rnd.generators,ArrayGenerator,0,111,0,10,0,26,0,12,0,7
Orne Test Generators,dev.orne.test.rnd.generators,ClockGenerator,0,10,0,0,0,3,0,3,0,3
Orne Test Generators,dev.orne.test.rnd.generators,ByteGenerator,0,14,0,0,0,4,0,4,0,4
Orne Test Generators,dev.orne.test.rnd.generators,URLGenerator,14,27,0,0,4,6,0,5,0,5
Orne Test Generators,dev.orne.test.rnd.generators,PeriodGenerator,0,22,0,0,0,6,0,3,0,3
Orne Test Generators,dev.orne.test.rnd.generators,AnnotatedMethodGenerator,0,283,0,30,0,68,0,31,0,16
Orne Test Generators,dev.orne.test.rnd.generators,PathGenerator,0,88,0,4,0,22,0,15,0,13
Orne Test Generators,dev.orne.test.rnd.generators,ZoneIdGenerator,0,22,0,0,0,6,0,4,0,4
Orne Test Generators,dev.orne.test.rnd.generators,FileGenerator,0,84,0,4,0,21,0,14,0,12
Orne Test Generators,dev.orne.test.rnd.params,MapGenerationParameters,0,167,0,10,0,52,0,22,0,17
Orne Test Generators,dev.orne.test.rnd.params,SimpleGenericParametersExtractor,0,12,0,2,0,5,0,3,0,2
Orne Test Generators,dev.orne.test.rnd.params,SizeConstraintExtractor,0,34,0,0,0,4,0,2,0,2
Orne Test Generators,dev.orne.test.rnd.params,NullableParametersImpl,0,52,0,2,0,17,0,9,0,8
Orne Test Generators,dev.orne.test.rnd.params,DefaultParametersExtractor,0,135,0,12,0,38,0,14,0,8
Orne Test Generators,dev.orne.test.rnd.params,MaxConstraintExtractor,0,21,0,0,0,3,0,2,0,2
Orne Test Generators,dev.orne.test.rnd.params,NumberParametersExtractor,0,50,2,6,0,12,2,6,0,4
Orne Test Generators,dev.orne.test.rnd.params,ExecutableGenerator,0,147,0,10,0,32,0,14,0,9
Orne Test Generators,dev.orne.test.rnd.params,ConstructorGenerator,0,47,0,2,0,10,0,5,0,4
Orne Test Generators,dev.orne.test.rnd.params,AbstractTargetedGenerator,0,205,0,16,0,54,0,20,0,12
Orne Test Generators,dev.orne.test.rnd.params,MethodParameterTypeGenerator,0,146,0,8,0,37,0,14,0,10
Orne Test Generators,dev.orne.test.rnd.params,ParametersExtractors,0,202,0,8,0,73,0,21,0,17
Orne Test Generators,dev.orne.test.rnd.params,TypeDeclaration,0,53,0,6,0,15,0,8,0,5
Orne Test Generators,dev.orne.test.rnd.params,ParametersSourceExtractor.NopExtractor,0,5,0,0,0,3,0,3,0,3
Orne Test Generators,dev.orne.test.rnd.params,MethodReturnTypeGenerator,0,110,0,8,0,30,0,13,0,9
Orne Test Generators,dev.orne.test.rnd.params,AbstractParametersSourceExtractor,0,124,0,6,0,32,0,10,0,7
Orne Test Generators,dev.orne.test.rnd.params,AbstractTypedParameterizableGenerator,0,212,0,24,0,51,0,30,0,18
Orne Test Generators,dev.orne.test.rnd.params,KeyValueGenericParametersImpl,0,100,0,2,0,36,0,16,0,15
Orne Test Generators,dev.orne.test.rnd.params,NullableParametersExtractor,0,15,0,4,0,3,0,4,0,2
Orne Test Generators,dev.orne.test.rnd.params,ConstraintIntrospector,0,215,0,14,0,67,0,18,0,11
Orne Test Generators,dev.orne.test.rnd.params,SizeParametersImpl,0,74,0,2,0,24,0,12,0,11
Orne Test Generators,dev.orne.test.rnd.params,PropertyTypeGenerator,0,152,0,8,0,40,0,15,0,11
Orne Test Generators,dev.orne.test.rnd.params,SimpleGenericParametersTypeExtractor,0,33,0,2,0,8,0,3,0,2
Orne Test Generators,dev.orne.test.rnd.params,PositiveConstraintExtractor,0,20,0,0,0,3,0,2,0,2
Orne Test Generators,dev.orne.test.rnd.params,FactoryMethodGenerator,0,62,0,2,0,13,0,5,0,4
Orne Test Generators,dev.orne.test.rnd.params,NumberParameters,0,7,0,0,0,2,0,1,0,1
Orne Test Generators,dev.orne.test.rnd.params,GeneratorNotParameterizableException,0,16,0,0,0,8,0,4,0,4
Orne Test Generators,dev.orne.test.rnd.params,NumberParametersImpl,0,83,0,2,0,27,0,12,0,11
Orne Test Generators,dev.orne.test.rnd.params,StringGenerationParameters,0,114,0,8,0,35,0,15,0,11
Orne Test Generators,dev.orne.test.rnd.params,SizeParametersExtractor,0,34,0,0,0,4,0,2,0,2
Orne Test Generators,dev.orne.test.rnd.params,ConstructorParameterTypeGenerator,0,147,0,6,0,38,0,13,0,10
Orne Test Generators,dev.orne.test.rnd.params,AbstractParameterizableGenerator,0,223,0,20,0,52,0,28,0,18
Orne Test Generators,dev.orne.test.rnd.params,MinConstraintExtractor,0,21,0,0,0,3,0,2,0,2
Orne Test Generators,dev.orne.test.rnd.params,NotNullConstraintExtractor,0,7,0,0,0,3,0,2,0,2
Orne Test Generators,dev.orne.test.rnd.params,PositiveOrZeroConstraintExtractor,0,20,0,0,0,3,0,2,0,2
Orne Test Generators,dev.orne.test.rnd.params,SimpleGenericParametersImpl,0,65,0,2,0,23,0,11,0,10
Orne Test Generators,dev.orne.test.rnd.params,CollectionGenerationParameters,0,142,0,10,0,44,0,19,0,14
Orne Test Generators,dev.orne.test.rnd.params,GenerationParameters,0,20,0,0,0,5,0,5,0,5
Orne Test Generators,dev.orne.test.rnd.params,KeyValueGenericParametersExtractor,0,20,0,4,0,8,0,4,0,2
Orne Test Generators,dev.orne.test.rnd.params,KeyValueGenericParametersTypeExtractor,0,39,0,2,0,9,0,3,0,2
Orne Test Generators,dev.orne.test.rnd.params,ParametersSourceExtractor,0,21,0,2,0,4,0,3,0,2
